<?xml version="1.0"?>
<testsuites>
  <testsuite tests="86" skipped="3" failures="0" errors="0" name="Default">
    <testcase name="#1 change ambari pwd"/>
    <testcase name="#2 Check blueprint create from url"/>
    <testcase name="#3 Check blueprint create from url - url does not exist"/>
    <testcase name="#4 Check blueprint create from url - invalid url no protocol"/>
    <testcase name="#5 Check blueprint create from file"/>
    <testcase name="#6 Check blueprint create from file - file does not exist"/>
    <testcase name="#7 Check blueprint describe result"/>
    <testcase name="#8 Check blueprint describe structure"/>
    <testcase name="#9 Check blueprint list"/>
    <testcase name="#10 Check blueprint delete SUCCESS"/>
    <testcase name="#11 Check availability zone list"/>
    <testcase name="#12 Check regions are listed"/>
    <testcase name="#13 Check instances are listed"/>
    <testcase name="#14 Check volumes are listed - aws"/>
    <testcase name="#15 Check volumes are listed - azure"/>
    <testcase name="#16 Check volumes are listed - gcp"/>
    <testcase name="#17 Check cluster list"/>
    <testcase name="#18 Check cluster list attributes"/>
    <testcase name="#19 Check cluster describe result"/>
    <testcase name="#20 Check cluster describe FAILED"/>
    <testcase name="#21 Check cluster delete SUCCESS"/>
    <testcase name="#22 Check cluster delete FAILED"/>
    <testcase name="#23 Check cluster start SUCCESS"/>
    <testcase name="#24 Check cluster start FAILED"/>
    <testcase name="#25 Check clusters top SUCCESS"/>
    <testcase name="#26 Check cluster stop FAILED"/>
    <testcase name="#27 Check cluster sync SUCCESS"/>
    <testcase name="#28 Check cluster sync FAILED"/>
    <testcase name="#29 ">
      <skipped/>
    </testcase>
    <testcase name="#30 ">
      <skipped/>
    </testcase>
    <testcase name="#31 Check cluster scale SUCCESS"/>
    <testcase name="#32 Check cluster scale FAILED"/>
    <testcase name="#33 Check cluster create SUCCESS"/>
    <testcase name="#34 Check cluster create without name"/>
    <testcase name="#35 ">
      <skipped/>
    </testcase>
    <testcase name="#36 Check cluster create without password by parameter"/>
    <testcase name="#37 Check cluster re-install"/>
    <testcase name="#38 Check CB configure"/>
    <testcase name="#39 Check credential create AWS role based"/>
    <testcase name="#40 Check credential create AWS key based"/>
    <testcase name="#41 Check credential create Azure"/>
    <testcase name="#42 Check credential create OpenStack V2"/>
    <testcase name="#43 Check credential create OpenStack V3"/>
    <testcase name="#44 Check credential create GCP"/>
    <testcase name="#45 Check credential delete"/>
    <testcase name="#46 Check credential list"/>
    <testcase name="#47 Check credential described result"/>
    <testcase name="#48 Check credential described structure"/>
    <testcase name="#49 List imagecatalog"/>
    <testcase name="#50 Create image catalog"/>
    <testcase name="#51 Delete image catalog"/>
    <testcase name="#52 Get images - openstack"/>
    <testcase name="#53 Set default image catalog"/>
    <testcase name="#54 Check ldaps are listed"/>
    <testcase name="#55 Create ldap"/>
    <testcase name="#56 Create ldap - invalid server without protocol"/>
    <testcase name="#57 Check ldap delete"/>
    <testcase name="#58 Check proxy configs are listed"/>
    <testcase name="#59 Create proxy"/>
    <testcase name="#60 Check proxy delete"/>
    <testcase name="#61 List RDS configs with response [Name,ConnectionURL,DatabaseEngine,Type,Driver]"/>
    <testcase name="#62 New RDS with message [create database took]"/>
    <testcase name="#63 Check RDS delete with message [database configuration deleted]"/>
    <testcase name="#64 Check recipe create from url pre-ambari-start"/>
    <testcase name="#65 Check recipe create from url post-ambari-start"/>
    <testcase name="#66 Check recipe create from url post-cluster-install"/>
    <testcase name="#67 Check recipe create from url pre-termination"/>
    <testcase name="#68 Check recipe create from file pre-ambari-start"/>
    <testcase name="#69 Check recipe create from file post-ambari-start"/>
    <testcase name="#70 Check recipe create from file post-cluster-install"/>
    <testcase name="#71 Check recipe create from file pre-termination"/>
    <testcase name="#72 Check recipes are listed"/>
    <testcase name="#73 Check recipe is described"/>
    <testcase name="#74 Check recipe delete"/>
    <testcase name="#75 Check generate cluster template azure new network"/>
    <testcase name="#76 Check generate cluster template azure existing subnet"/>
    <testcase name="#77 Check generate cluster template aws new network"/>
    <testcase name="#78 Check generate cluster template aws existing network"/>
    <testcase name="#79 Check generate cluster template aws existing subnet"/>
    <testcase name="#80 Check generate cluster template openstack new network"/>
    <testcase name="#81 Check generate cluster template openstack existing network"/>
    <testcase name="#82 Check generate cluster template openstack existing subnet"/>
    <testcase name="#83 Check generate cluster template gcp new network"/>
    <testcase name="#84 Check generate cluster template gcp existing network"/>
    <testcase name="#85 Check generate cluster template gcp existing subnet"/>
    <testcase name="#86 Generate reinstall template"/>
  </testsuite>
</testsuites>
